texture-view/build/intermediates/manifest_merge_blame_file/debug/manifest-merger-blame-debug-report.txt
1<?xml version="1.0" encoding="utf-8"?>
2<manifest xmlns:android="http://schemas.android.com/apk/res/android"
3    package="com.sample.textureview"
4    android:versionCode="1"
5    android:versionName="1.0" >
6
7    <uses-sdk
8        android:minSdkVersion="24"
8-->src\main\AndroidManifest.xml
9        android:targetSdkVersion="28" />
9-->src\main\AndroidManifest.xml
10
11    <uses-permission android:name="android.permission.CAMERA" />
11-->src\main\AndroidManifest.xml:7:5-65
11-->src\main\AndroidManifest.xml:7:22-62
12    <uses-permission android:name="android.permission.WRITE_EXTERNAL_STORAGE" />
12-->src\main\AndroidManifest.xml:8:5-81
12-->src\main\AndroidManifest.xml:8:22-78
13
14    <uses-feature android:name="android.hardware.camera" />
14-->src\main\AndroidManifest.xml:10:5-60
14-->src\main\AndroidManifest.xml:10:19-57
15    <uses-feature android:name="android.hardware.camera.autofocus" />
15-->src\main\AndroidManifest.xml:11:5-70
15-->src\main\AndroidManifest.xml:11:19-67
16
17    <meta-data
17-->[com.android.support:support-compat:25.3.1] AndroidManifest.xml:25:5-27:34
18        android:name="android.support.VERSION"
18-->[com.android.support:support-compat:25.3.1] AndroidManifest.xml:26:9-47
19        android:value="25.3.1" />
19-->[com.android.support:support-compat:25.3.1] AndroidManifest.xml:27:9-31
20
21    <application
21-->src\main\AndroidManifest.xml:13:5-28:19
22        android:allowBackup="false"
22-->src\main\AndroidManifest.xml:14:9-36
23        android:configChanges="keyboardHidden|orientation|screenSize"
23-->src\main\AndroidManifest.xml:18:9-70
24        android:debuggable="true"
25        android:extractNativeLibs="false"
26        android:icon="@drawable/ic_launcher"
26-->src\main\AndroidManifest.xml:15:9-45
27        android:label="@string/app_name"
27-->src\main\AndroidManifest.xml:16:9-41
28        android:screenOrientation="portrait"
28-->src\main\AndroidManifest.xml:17:9-45
29        android:testOnly="true" >
30        <activity
30-->src\main\AndroidManifest.xml:19:9-27:20
31            android:name="com.sample.textureview.ViewActivity"
31-->src\main\AndroidManifest.xml:20:13-63
32            android:label="@string/app_name" >
32-->src\main\AndroidManifest.xml:21:13-45
33            <intent-filter>
33-->src\main\AndroidManifest.xml:22:13-26:29
34                <action android:name="android.intent.action.MAIN" />
34-->src\main\AndroidManifest.xml:23:17-69
34-->src\main\AndroidManifest.xml:23:25-66
35
36                <category android:name="android.intent.category.LAUNCHER" />
36-->src\main\AndroidManifest.xml:25:17-77
36-->src\main\AndroidManifest.xml:25:27-74
37            </intent-filter>
38        </activity>
39    </application>
40
41</manifest>